15:57:59 **** Build of configuration Debug for project TP0_MICRO ****
make -r -j4 all 
Building file: ../src/GPIO/GPIO.c
Building file: ../src/TP0_MICRO.c
Building file: ../src/aeabi_romdiv_patch.s
Building file: ../src/cr_startup_lpc84x.c
Invoking: MCU C Compiler
Invoking: MCU C Compiler
Invoking: MCU Assembler
arm-none-eabi-gcc -DDEBUG -D__CODE_RED -DCORE_M0PLUS -D__MTB_BUFFER_SIZE=256 -D__USE_ROMDIVIDE -D__LPC84X__ -D__REDLIB__ -I"C:\Users\notebook\Documents\INFO II 2023\TPO\TPO_INFOII\TP0_MICRO\inc" -I"C:\Users\notebook\Documents\INFO II 2023\TPO\TPO_INFOII\TP0_MICRO\src\GPIO" -O0 -fno-common -g3 -Wall -c -fmessage-length=0 -fno-builtin -ffunction-sections -fdata-sections -fmerge-constants -fmacro-prefix-map="../src/GPIO/"= -mcpu=cortex-m0 -mthumb -fstack-usage -specs=redlib.specs -MMD -MP -MF"src/GPIO/GPIO.d" -MT"src/GPIO/GPIO.o" -MT"src/GPIO/GPIO.d" -o "src/GPIO/GPIO.o" "../src/GPIO/GPIO.c"
arm-none-eabi-gcc -DDEBUG -D__CODE_RED -DCORE_M0PLUS -D__MTB_BUFFER_SIZE=256 -D__USE_ROMDIVIDE -D__LPC84X__ -D__REDLIB__ -I"C:\Users\notebook\Documents\INFO II 2023\TPO\TPO_INFOII\TP0_MICRO\inc" -I"C:\Users\notebook\Documents\INFO II 2023\TPO\TPO_INFOII\TP0_MICRO\src\GPIO" -O0 -fno-common -g3 -Wall -c -fmessage-length=0 -fno-builtin -ffunction-sections -fdata-sections -fmerge-constants -fmacro-prefix-map="../src/"= -mcpu=cortex-m0 -mthumb -fstack-usage -specs=redlib.specs -MMD -MP -MF"src/TP0_MICRO.d" -MT"src/TP0_MICRO.o" -MT"src/TP0_MICRO.d" -o "src/TP0_MICRO.o" "../src/TP0_MICRO.c"
arm-none-eabi-gcc -c -x assembler-with-cpp -DDEBUG -D__CODE_RED -DCORE_M0PLUS -D__USE_ROMDIVIDE -D__LPC84X__ -D__REDLIB__ -g3 -mcpu=cortex-m0 -mthumb -specs=redlib.specs -o "src/aeabi_romdiv_patch.o" "../src/aeabi_romdiv_patch.s"
Invoking: MCU C Compiler
arm-none-eabi-gcc -DDEBUG -D__CODE_RED -DCORE_M0PLUS -D__MTB_BUFFER_SIZE=256 -D__USE_ROMDIVIDE -D__LPC84X__ -D__REDLIB__ -I"C:\Users\notebook\Documents\INFO II 2023\TPO\TPO_INFOII\TP0_MICRO\inc" -I"C:\Users\notebook\Documents\INFO II 2023\TPO\TPO_INFOII\TP0_MICRO\src\GPIO" -O0 -fno-common -g3 -Wall -c -fmessage-length=0 -fno-builtin -ffunction-sections -fdata-sections -fmerge-constants -fmacro-prefix-map="../src/"= -mcpu=cortex-m0 -mthumb -fstack-usage -specs=redlib.specs -MMD -MP -MF"src/cr_startup_lpc84x.d" -MT"src/cr_startup_lpc84x.o" -MT"src/cr_startup_lpc84x.d" -o "src/cr_startup_lpc84x.o" "../src/cr_startup_lpc84x.c"
In file included from C:\Users\notebook\Documents\INFO II 2023\TPO\TPO_INFOII\TP0_MICRO\inc/LPC845.h:140,
                 from C:\Users\notebook\Documents\INFO II 2023\TPO\TPO_INFOII\TP0_MICRO\inc/Defines.h:21,
                 from ../src/TP0_MICRO.c:1:
C:\Users\notebook\Documents\INFO II 2023\TPO\TPO_INFOII\TP0_MICRO\inc/core_cm0plus.h: In function '__NVIC_DisableIRQ':
C:\Users\notebook\Documents\INFO II 2023\TPO\TPO_INFOII\TP0_MICRO\inc/core_cm0plus.h:772:5: warning: implicit declaration of function '__DSB' [-Wimplicit-function-declaration]
  772 |     __DSB();
      |     ^~~~~
C:\Users\notebook\Documents\INFO II 2023\TPO\TPO_INFOII\TP0_MICRO\inc/core_cm0plus.h:773:5: warning: implicit declaration of function '__ISB' [-Wimplicit-function-declaration]
  773 |     __ISB();
      |     ^~~~~
C:\Users\notebook\Documents\INFO II 2023\TPO\TPO_INFOII\TP0_MICRO\inc/core_cm0plus.h: In function '__NVIC_SystemReset':
C:\Users\notebook\Documents\INFO II 2023\TPO\TPO_INFOII\TP0_MICRO\inc/core_cm0plus.h:931:5: warning: implicit declaration of function '__NOP' [-Wimplicit-function-declaration]
  931 |     __NOP();
      |     ^~~~~
In file included from C:\Users\notebook\Documents\INFO II 2023\TPO\TPO_INFOII\TP0_MICRO\inc/LPC845.h:140,
                 from C:\Users\notebook\Documents\INFO II 2023\TPO\TPO_INFOII\TP0_MICRO\inc/Defines.h:21,
                 from ../src/GPIO/GPIO.c:8:
C:\Users\notebook\Documents\INFO II 2023\TPO\TPO_INFOII\TP0_MICRO\inc/core_cm0plus.h: In function '__NVIC_DisableIRQ':
C:\Users\notebook\Documents\INFO II 2023\TPO\TPO_INFOII\TP0_MICRO\inc/core_cm0plus.h:772:5: warning: implicit declaration of function '__DSB' [-Wimplicit-function-declaration]
  772 |     __DSB();
      |     ^~~~~
C:\Users\notebook\Documents\INFO II 2023\TPO\TPO_INFOII\TP0_MICRO\inc/core_cm0plus.h:773:5: warning: implicit declaration of function '__ISB' [-Wimplicit-function-declaration]
  773 |     __ISB();
      |     ^~~~~
C:\Users\notebook\Documents\INFO II 2023\TPO\TPO_INFOII\TP0_MICRO\inc/core_cm0plus.h: In function '__NVIC_SystemReset':
C:\Users\notebook\Documents\INFO II 2023\TPO\TPO_INFOII\TP0_MICRO\inc/core_cm0plus.h:931:5: warning: implicit declaration of function '__NOP' [-Wimplicit-function-declaration]
  931 |     __NOP();
      |     ^~~~~
../src/TP0_MICRO.c: In function 'main':
../src/TP0_MICRO.c:14:11: error: 'PIN_LED_VERDE' undeclared (first use in this function)
   14 |  GPIO_Dir(PIN_LED_VERDE, SALIDA);
      |           ^~~~~~~~~~~~~
../src/TP0_MICRO.c:14:11: note: each undeclared identifier is reported only once for each function it appears in
../src/TP0_MICRO.c:14:2: error: too few arguments to function 'GPIO_Dir'
   14 |  GPIO_Dir(PIN_LED_VERDE, SALIDA);
      |  ^~~~~~~~
In file included from C:\Users\notebook\Documents\INFO II 2023\TPO\TPO_INFOII\TP0_MICRO\inc/Defines.h:22,
                 from ../src/TP0_MICRO.c:1:
C:\Users\notebook\Documents\INFO II 2023\TPO\TPO_INFOII\TP0_MICRO\src\GPIO/GPIO.h:15:6: note: declared here
   15 | void GPIO_Dir(uint32_t Puerto, uint32_t Pin, uint32_t Direccion);
      |      ^~~~~~~~
../src/TP0_MICRO.c:15:11: error: 'PIN_LED_AZUL' undeclared (first use in this function)
   15 |  GPIO_Dir(PIN_LED_AZUL, SALIDA);
      |           ^~~~~~~~~~~~
../src/TP0_MICRO.c:15:2: error: too few arguments to function 'GPIO_Dir'
   15 |  GPIO_Dir(PIN_LED_AZUL, SALIDA);
      |  ^~~~~~~~
In file included from C:\Users\notebook\Documents\INFO II 2023\TPO\TPO_INFOII\TP0_MICRO\inc/Defines.h:22,
                 from ../src/TP0_MICRO.c:1:
C:\Users\notebook\Documents\INFO II 2023\TPO\TPO_INFOII\TP0_MICRO\src\GPIO/GPIO.h:15:6: note: declared here
   15 | void GPIO_Dir(uint32_t Puerto, uint32_t Pin, uint32_t Direccion);
      |      ^~~~~~~~
../src/TP0_MICRO.c:16:11: error: 'PIN_LED_ROJO' undeclared (first use in this function)
   16 |  GPIO_Dir(PIN_LED_ROJO, SALIDA);
      |           ^~~~~~~~~~~~
../src/TP0_MICRO.c:16:2: error: too few arguments to function 'GPIO_Dir'
   16 |  GPIO_Dir(PIN_LED_ROJO, SALIDA);
      |  ^~~~~~~~
In file included from C:\Users\notebook\Documents\INFO II 2023\TPO\TPO_INFOII\TP0_MICRO\inc/Defines.h:22,
                 from ../src/TP0_MICRO.c:1:
C:\Users\notebook\Documents\INFO II 2023\TPO\TPO_INFOII\TP0_MICRO\src\GPIO/GPIO.h:15:6: note: declared here
   15 | void GPIO_Dir(uint32_t Puerto, uint32_t Pin, uint32_t Direccion);
      |      ^~~~~~~~
../src/TP0_MICRO.c:18:11: error: 'PIN_TECLA_USR' undeclared (first use in this function)
   18 |  GPIO_Dir(PIN_TECLA_USR, ENTRADA);
      |           ^~~~~~~~~~~~~
../src/TP0_MICRO.c:18:2: error: too few arguments to function 'GPIO_Dir'
   18 |  GPIO_Dir(PIN_TECLA_USR, ENTRADA);
      |  ^~~~~~~~
In file included from C:\Users\notebook\Documents\INFO II 2023\TPO\TPO_INFOII\TP0_MICRO\inc/Defines.h:22,
                 from ../src/TP0_MICRO.c:1:
C:\Users\notebook\Documents\INFO II 2023\TPO\TPO_INFOII\TP0_MICRO\src\GPIO/GPIO.h:15:6: note: declared here
   15 | void GPIO_Dir(uint32_t Puerto, uint32_t Pin, uint32_t Direccion);
      |      ^~~~~~~~
../src/TP0_MICRO.c:22:6: error: too few arguments to function 'GPIO_Set'
   22 |      GPIO_Set(PIN_LED_VERDE, 0);
      |      ^~~~~~~~
In file included from C:\Users\notebook\Documents\INFO II 2023\TPO\TPO_INFOII\TP0_MICRO\inc/Defines.h:22,
                 from ../src/TP0_MICRO.c:1:
C:\Users\notebook\Documents\INFO II 2023\TPO\TPO_INFOII\TP0_MICRO\src\GPIO/GPIO.h:14:6: note: declared here
   14 | void GPIO_Set(uint32_t Puerto, uint32_t Pin, uint32_t Estado);
      |      ^~~~~~~~
../src/TP0_MICRO.c:23:11: error: too few arguments to function 'GPIO_Set'
   23 |           GPIO_Set(PIN_LED_AZUL, 1);
      |           ^~~~~~~~
In file included from C:\Users\notebook\Documents\INFO II 2023\TPO\TPO_INFOII\TP0_MICRO\inc/Defines.h:22,
                 from ../src/TP0_MICRO.c:1:
C:\Users\notebook\Documents\INFO II 2023\TPO\TPO_INFOII\TP0_MICRO\src\GPIO/GPIO.h:14:6: note: declared here
   14 | void GPIO_Set(uint32_t Puerto, uint32_t Pin, uint32_t Estado);
      |      ^~~~~~~~
../src/TP0_MICRO.c:24:11: error: too few arguments to function 'GPIO_Set'
   24 |           GPIO_Set(PIN_LED_ROJO, 1);
      |           ^~~~~~~~
In file included from C:\Users\notebook\Documents\INFO II 2023\TPO\TPO_INFOII\TP0_MICRO\inc/Defines.h:22,
                 from ../src/TP0_MICRO.c:1:
C:\Users\notebook\Documents\INFO II 2023\TPO\TPO_INFOII\TP0_MICRO\src\GPIO/GPIO.h:14:6: note: declared here
   14 | void GPIO_Set(uint32_t Puerto, uint32_t Pin, uint32_t Estado);
      |      ^~~~~~~~
../src/TP0_MICRO.c:26:15: error: 'i' undeclared (first use in this function)
   26 |           for(i = 0 ; i < 50000 ; i++);
      |               ^
../src/TP0_MICRO.c:32:11: error: too few arguments to function 'GPIO_Set'
   32 |           GPIO_Set(PIN_LED_VERDE, 1);
      |           ^~~~~~~~
In file included from C:\Users\notebook\Documents\INFO II 2023\TPO\TPO_INFOII\TP0_MICRO\inc/Defines.h:22,
                 from ../src/TP0_MICRO.c:1:
C:\Users\notebook\Documents\INFO II 2023\TPO\TPO_INFOII\TP0_MICRO\src\GPIO/GPIO.h:14:6: note: declared here
   14 | void GPIO_Set(uint32_t Puerto, uint32_t Pin, uint32_t Estado);
      |      ^~~~~~~~
../src/TP0_MICRO.c:33:11: error: too few arguments to function 'GPIO_Set'
   33 |           GPIO_Set(PIN_LED_AZUL, 0);
      |           ^~~~~~~~
In file included from C:\Users\notebook\Documents\INFO II 2023\TPO\TPO_INFOII\TP0_MICRO\inc/Defines.h:22,
                 from ../src/TP0_MICRO.c:1:
C:\Users\notebook\Documents\INFO II 2023\TPO\TPO_INFOII\TP0_MICRO\src\GPIO/GPIO.h:14:6: note: declared here
   14 | void GPIO_Set(uint32_t Puerto, uint32_t Pin, uint32_t Estado);
      |      ^~~~~~~~
../src/TP0_MICRO.c:34:11: error: too few arguments to function 'GPIO_Set'
   34 |           GPIO_Set(PIN_LED_ROJO, 1);
      |           ^~~~~~~~
In file included from C:\Users\notebook\Documents\INFO II 2023\TPO\TPO_INFOII\TP0_MICRO\inc/Defines.h:22,
                 from ../src/TP0_MICRO.c:1:
C:\Users\notebook\Documents\INFO II 2023\TPO\TPO_INFOII\TP0_MICRO\src\GPIO/GPIO.h:14:6: note: declared here
   14 | void GPIO_Set(uint32_t Puerto, uint32_t Pin, uint32_t Estado);
      |      ^~~~~~~~
../src/TP0_MICRO.c:42:11: error: too few arguments to function 'GPIO_Set'
   42 |           GPIO_Set(PIN_LED_VERDE, 1);
      |           ^~~~~~~~
In file included from C:\Users\notebook\Documents\INFO II 2023\TPO\TPO_INFOII\TP0_MICRO\inc/Defines.h:22,
                 from ../src/TP0_MICRO.c:1:
C:\Users\notebook\Documents\INFO II 2023\TPO\TPO_INFOII\TP0_MICRO\src\GPIO/GPIO.h:14:6: note: declared here
   14 | void GPIO_Set(uint32_t Puerto, uint32_t Pin, uint32_t Estado);
      |      ^~~~~~~~
../src/TP0_MICRO.c:43:11: error: too few arguments to function 'GPIO_Set'
   43 |           GPIO_Set(PIN_LED_AZUL, 1);
      |           ^~~~~~~~
In file included from C:\Users\notebook\Documents\INFO II 2023\TPO\TPO_INFOII\TP0_MICRO\inc/Defines.h:22,
                 from ../src/TP0_MICRO.c:1:
C:\Users\notebook\Documents\INFO II 2023\TPO\TPO_INFOII\TP0_MICRO\src\GPIO/GPIO.h:14:6: note: declared here
   14 | void GPIO_Set(uint32_t Puerto, uint32_t Pin, uint32_t Estado);
      |      ^~~~~~~~
../src/TP0_MICRO.c:44:11: error: too few arguments to function 'GPIO_Set'
   44 |           GPIO_Set(PIN_LED_ROJO, 0);
      |           ^~~~~~~~
In file included from C:\Users\notebook\Documents\INFO II 2023\TPO\TPO_INFOII\TP0_MICRO\inc/Defines.h:22,
                 from ../src/TP0_MICRO.c:1:
C:\Users\notebook\Documents\INFO II 2023\TPO\TPO_INFOII\TP0_MICRO\src\GPIO/GPIO.h:14:6: note: declared here
   14 | void GPIO_Set(uint32_t Puerto, uint32_t Pin, uint32_t Estado);
      |      ^~~~~~~~
make[1]: *** [src/subdir.mk:33: src/TP0_MICRO.o] Error 1
make[1]: *** Waiting for unfinished jobs....
Finished building: ../src/aeabi_romdiv_patch.s
Finished building: ../src/cr_startup_lpc84x.c
 
 
Finished building: ../src/GPIO/GPIO.c
 
make: *** [makefile:36: all] Error 2
"make -r -j4 all" terminated with exit code 2. Build might be incomplete.
16:03:02 **** Incremental Build of configuration Debug for project TP0_MICRO ****
make -r -j4 all 
Building file: ../src/TP0_MICRO.c
Building file: ../src/crp.c
Building file: ../src/mtb.c
Invoking: MCU C Compiler
Invoking: MCU C Compiler
arm-none-eabi-gcc -DDEBUG -D__CODE_RED -DCORE_M0PLUS -D__MTB_BUFFER_SIZE=256 -D__USE_ROMDIVIDE -D__LPC84X__ -D__REDLIB__ -I"C:\Users\notebook\Documents\INFO II 2023\TPO\TPO_INFOII\TP0_MICRO\inc" -I"C:\Users\notebook\Documents\INFO II 2023\TPO\TPO_INFOII\TP0_MICRO\src\GPIO" -O0 -fno-common -g3 -Wall -c -fmessage-length=0 -fno-builtin -ffunction-sections -fdata-sections -fmerge-constants -fmacro-prefix-map="../src/"= -mcpu=cortex-m0 -mthumb -fstack-usage -specs=redlib.specs -MMD -MP -MF"src/TP0_MICRO.d" -MT"src/TP0_MICRO.o" -MT"src/TP0_MICRO.d" -o "src/TP0_MICRO.o" "../src/TP0_MICRO.c"
Invoking: MCU C Compiler
arm-none-eabi-gcc -DDEBUG -D__CODE_RED -DCORE_M0PLUS -D__MTB_BUFFER_SIZE=256 -D__USE_ROMDIVIDE -D__LPC84X__ -D__REDLIB__ -I"C:\Users\notebook\Documents\INFO II 2023\TPO\TPO_INFOII\TP0_MICRO\inc" -I"C:\Users\notebook\Documents\INFO II 2023\TPO\TPO_INFOII\TP0_MICRO\src\GPIO" -O0 -fno-common -g3 -Wall -c -fmessage-length=0 -fno-builtin -ffunction-sections -fdata-sections -fmerge-constants -fmacro-prefix-map="../src/"= -mcpu=cortex-m0 -mthumb -fstack-usage -specs=redlib.specs -MMD -MP -MF"src/crp.d" -MT"src/crp.o" -MT"src/crp.d" -o "src/crp.o" "../src/crp.c"
arm-none-eabi-gcc -DDEBUG -D__CODE_RED -DCORE_M0PLUS -D__MTB_BUFFER_SIZE=256 -D__USE_ROMDIVIDE -D__LPC84X__ -D__REDLIB__ -I"C:\Users\notebook\Documents\INFO II 2023\TPO\TPO_INFOII\TP0_MICRO\inc" -I"C:\Users\notebook\Documents\INFO II 2023\TPO\TPO_INFOII\TP0_MICRO\src\GPIO" -O0 -fno-common -g3 -Wall -c -fmessage-length=0 -fno-builtin -ffunction-sections -fdata-sections -fmerge-constants -fmacro-prefix-map="../src/"= -mcpu=cortex-m0 -mthumb -fstack-usage -specs=redlib.specs -MMD -MP -MF"src/mtb.d" -MT"src/mtb.o" -MT"src/mtb.d" -o "src/mtb.o" "../src/mtb.c"
In file included from C:\Users\notebook\Documents\INFO II 2023\TPO\TPO_INFOII\TP0_MICRO\inc/LPC845.h:140,
                 from C:\Users\notebook\Documents\INFO II 2023\TPO\TPO_INFOII\TP0_MICRO\inc/Defines.h:21,
                 from ../src/TP0_MICRO.c:1:
C:\Users\notebook\Documents\INFO II 2023\TPO\TPO_INFOII\TP0_MICRO\inc/core_cm0plus.h: In function '__NVIC_DisableIRQ':
C:\Users\notebook\Documents\INFO II 2023\TPO\TPO_INFOII\TP0_MICRO\inc/core_cm0plus.h:772:5: warning: implicit declaration of function '__DSB' [-Wimplicit-function-declaration]
  772 |     __DSB();
      |     ^~~~~
C:\Users\notebook\Documents\INFO II 2023\TPO\TPO_INFOII\TP0_MICRO\inc/core_cm0plus.h:773:5: warning: implicit declaration of function '__ISB' [-Wimplicit-function-declaration]
  773 |     __ISB();
      |     ^~~~~
C:\Users\notebook\Documents\INFO II 2023\TPO\TPO_INFOII\TP0_MICRO\inc/core_cm0plus.h: In function '__NVIC_SystemReset':
C:\Users\notebook\Documents\INFO II 2023\TPO\TPO_INFOII\TP0_MICRO\inc/core_cm0plus.h:931:5: warning: implicit declaration of function '__NOP' [-Wimplicit-function-declaration]
  931 |     __NOP();
      |     ^~~~~
../src/TP0_MICRO.c: In function 'main':
../src/TP0_MICRO.c:30:15: error: 'i' undeclared (first use in this function)
   30 |           for(i = 0 ; i < 50000 ; i++);
      |               ^
../src/TP0_MICRO.c:30:15: note: each undeclared identifier is reported only once for each function it appears in
make[1]: *** [src/subdir.mk:33: src/TP0_MICRO.o] Error 1
make[1]: *** Waiting for unfinished jobs....
Finished building: ../src/mtb.c
Finished building: ../src/crp.c
 
 
make: *** [makefile:36: all] Error 2
"make -r -j4 all" terminated with exit code 2. Build might be incomplete.
16:03:45 **** Incremental Build of configuration Debug for project TP0_MICRO ****
make -r -j4 all 
Building file: ../src/TP0_MICRO.c
Invoking: MCU C Compiler
arm-none-eabi-gcc -DDEBUG -D__CODE_RED -DCORE_M0PLUS -D__MTB_BUFFER_SIZE=256 -D__USE_ROMDIVIDE -D__LPC84X__ -D__REDLIB__ -I"C:\Users\notebook\Documents\INFO II 2023\TPO\TPO_INFOII\TP0_MICRO\inc" -I"C:\Users\notebook\Documents\INFO II 2023\TPO\TPO_INFOII\TP0_MICRO\src\GPIO" -O0 -fno-common -g3 -Wall -c -fmessage-length=0 -fno-builtin -ffunction-sections -fdata-sections -fmerge-constants -fmacro-prefix-map="../src/"= -mcpu=cortex-m0 -mthumb -fstack-usage -specs=redlib.specs -MMD -MP -MF"src/TP0_MICRO.d" -MT"src/TP0_MICRO.o" -MT"src/TP0_MICRO.d" -o "src/TP0_MICRO.o" "../src/TP0_MICRO.c"
In file included from C:\Users\notebook\Documents\INFO II 2023\TPO\TPO_INFOII\TP0_MICRO\inc/LPC845.h:140,
                 from C:\Users\notebook\Documents\INFO II 2023\TPO\TPO_INFOII\TP0_MICRO\inc/Defines.h:21,
                 from ../src/TP0_MICRO.c:1:
C:\Users\notebook\Documents\INFO II 2023\TPO\TPO_INFOII\TP0_MICRO\inc/core_cm0plus.h: In function '__NVIC_DisableIRQ':
C:\Users\notebook\Documents\INFO II 2023\TPO\TPO_INFOII\TP0_MICRO\inc/core_cm0plus.h:772:5: warning: implicit declaration of function '__DSB' [-Wimplicit-function-declaration]
  772 |     __DSB();
      |     ^~~~~
C:\Users\notebook\Documents\INFO II 2023\TPO\TPO_INFOII\TP0_MICRO\inc/core_cm0plus.h:773:5: warning: implicit declaration of function '__ISB' [-Wimplicit-function-declaration]
  773 |     __ISB();
      |     ^~~~~
C:\Users\notebook\Documents\INFO II 2023\TPO\TPO_INFOII\TP0_MICRO\inc/core_cm0plus.h: In function '__NVIC_SystemReset':
C:\Users\notebook\Documents\INFO II 2023\TPO\TPO_INFOII\TP0_MICRO\inc/core_cm0plus.h:931:5: warning: implicit declaration of function '__NOP' [-Wimplicit-function-declaration]
  931 |     __NOP();
      |     ^~~~~
Finished building: ../src/TP0_MICRO.c
 
Building target: TP0_MICRO.axf
Invoking: MCU Linker
arm-none-eabi-gcc -nostdlib -Xlinker -Map="TP0_MICRO.map" -Xlinker --cref -Xlinker --gc-sections -Xlinker -print-memory-usage -mcpu=cortex-m0 -mthumb -T "TP0_MICRO_Debug.ld" -o "TP0_MICRO.axf" ./src/GPIO/GPIO.o  ./src/TP0_MICRO.o ./src/aeabi_romdiv_patch.o ./src/cr_startup_lpc84x.o ./src/crp.o ./src/mtb.o   
Memory region         Used Size  Region Size  %age Used
        MFlash64:       12196 B        64 KB     18.61%
        RamLoc16:         756 B        16 KB      4.61%
Finished building target: TP0_MICRO.axf
 
Performing post-build steps
arm-none-eabi-size "TP0_MICRO.axf"; # arm-none-eabi-objcopy -v -O binary "TP0_MICRO.axf" "TP0_MICRO.bin" ; # checksum -p LPC845 -d "TP0_MICRO.bin";
   text	   data	    bss	    dec	    hex	filename
  12196	      0	    756	  12952	   3298	TP0_MICRO.axf
 
